Script executed at Mon Nov 25 15:43:04 CET 2024
Script executed at Mon Nov 25 15:43:05 CET 2024
Script executed at Mon Nov 25 20:32:02 CET 2024
Script executed at Mon Nov 25 20:32:30 CET 2024
Script executed at Mon Nov 25 20:33:48 CET 2024
Script executed at Mon Nov 25 20:33:50 CET 2024
Script executed at Mon Nov 25 20:33:51 CET 2024
Script executed at Mon Nov 25 20:33:52 CET 2024
Script executed at Mon Nov 25 20:33:52 CET 2024
Script executed at Mon Nov 25 20:33:52 CET 2024
Script executed at Mon Nov 25 20:33:53 CET 2024
Script executed at Mon Nov 25 20:33:53 CET 2024
Script executed at Mon Nov 25 20:33:53 CET 2024
Script executed at Mon Nov 25 20:33:53 CET 2024
Script executed at Mon Nov 25 20:33:53 CET 2024
Script executed at Mon Nov 25 20:33:54 CET 2024
Script executed at Mon Nov 25 20:33:54 CET 2024
Script executed at Mon Nov 25 20:33:54 CET 2024
Script executed at Mon Nov 25 20:33:54 CET 2024
Script executed at Mon Nov 25 20:33:54 CET 2024
Script executed at Mon Nov 25 20:33:55 CET 2024
Script executed at Mon Nov 25 20:33:55 CET 2024
Script executed at Mon Nov 25 20:43:55 CET 2024
Script executed at Mon Nov 25 20:59:54 CET 2024
Script executed at Mon Nov 25 21:20:09 CET 2024
Script executed at Mon Nov 25 21:35:39 CET 2024
Script executed at Mon Nov 25 21:41:33 CET 2024
Script executed at Mon Nov 25 21:49:42 CET 2024
Script executed at Mon Nov 25 21:59:32 CET 2024
Script executed at Mon Nov 25 22:37:40 CET 2024
Script executed at Tue Nov 26 17:56:26 CET 2024
Script executed at Tue Nov 26 17:59:30 CET 2024
Script executed at Tue Nov 26 18:02:20 CET 2024
Script executed at Tue Nov 26 19:54:11 CET 2024
Script executed at Wed Nov 27 00:41:32 CET 2024
Script executed at Wed Nov 27 14:15:01 CET 2024
Script executed at Wed Nov 27 14:18:34 CET 2024
Script executed at Wed Nov 27 14:48:56 CET 2024
Script executed at Wed Nov 27 15:08:33 CET 2024
Script executed at Wed Nov 27 15:08:35 CET 2024
Script executed at Wed Nov 27 15:08:41 CET 2024
Script executed at Wed Nov 27 15:08:45 CET 2024
Script executed at Wed Nov 27 15:53:07 CET 2024
Script executed at Wed Nov 27 16:03:12 CET 2024
Script executed at Wed Nov 27 17:10:18 CET 2024
Script executed at Wed Nov 27 17:10:25 CET 2024
Script executed at Wed Nov 27 17:39:42 CET 2024
Script executed at Wed Nov 27 17:41:54 CET 2024
Script executed at Wed Nov 27 17:53:22 CET 2024
Script executed at Wed Nov 27 17:53:23 CET 2024
Script executed at Wed Nov 27 17:53:24 CET 2024
Script executed at Wed Nov 27 17:53:24 CET 2024
Script executed at Wed Nov 27 18:30:12 CET 2024
Script executed at Wed Nov 27 18:47:02 CET 2024
Script executed at Wed Nov 27 18:48:44 CET 2024
Script executed at Wed Nov 27 18:49:36 CET 2024
Script executed at Wed Nov 27 21:03:39 CET 2024
Script executed at Wed Nov 27 21:30:18 CET 2024
Script executed at Wed Nov 27 21:38:12 CET 2024
Script executed at Wed Nov 27 21:54:56 CET 2024
Script executed at Wed Nov 27 22:16:20 CET 2024
Script executed at Wed Nov 27 22:19:19 CET 2024
Script executed at Wed Nov 27 22:28:49 CET 2024
Script executed at Wed Nov 27 22:45:51 CET 2024
Script executed at Wed Nov 27 23:01:09 CET 2024
Script executed at Wed Nov 27 23:01:48 CET 2024
Script executed at Thu Nov 28 21:27:57 CET 2024
Script executed at Fri Nov 29 19:18:07 CET 2024
Script executed at Fri Nov 29 19:18:16 CET 2024
Script executed at Fri Nov 29 20:47:59 CET 2024
Script executed at Fri Nov 29 21:03:28 CET 2024
Script executed at Fri Nov 29 21:03:30 CET 2024
Script executed at Fri Nov 29 21:21:21 CET 2024
Script executed at Fri Nov 29 21:35:26 CET 2024
Script executed at Fri Nov 29 22:02:02 CET 2024
Script executed at Fri Nov 29 22:02:03 CET 2024
Script executed at Fri Nov 29 22:02:03 CET 2024
Script executed at Fri Nov 29 22:02:04 CET 2024
Script executed at Fri Nov 29 22:35:45 CET 2024
Script executed at Fri Nov 29 22:42:27 CET 2024
Script executed at Fri Nov 29 22:48:08 CET 2024
Script executed at Fri Nov 29 22:48:10 CET 2024
Script executed at Fri Nov 29 22:48:10 CET 2024
Script executed at Fri Nov 29 23:27:44 CET 2024
Script executed at Sat Nov 30 14:49:14 CET 2024
Script executed at Sat Nov 30 15:05:58 CET 2024
Script executed at Tue Dec 10 16:44:37 CET 2024
Script executed at Mon Dec 16 16:56:11 CET 2024
Script executed at Mon Dec 16 16:57:03 CET 2024
Script executed at Mon Dec 16 17:07:45 CET 2024
Script executed at Mon Dec 16 17:08:58 CET 2024
Script executed at Sun Dec 22 00:58:23 CET 2024
Script executed at Sun Dec 22 16:34:50 CET 2024
Script executed at Sun Dec 22 16:34:50 CET 2024
Script executed at Sun Dec 22 16:34:52 CET 2024
Script executed at Sun Dec 22 16:34:52 CET 2024
Script executed at Sun Dec 22 16:38:41 CET 2024
Script executed at Mon Dec 23 14:09:00 CET 2024
Script executed at Mon Dec 23 14:09:02 CET 2024
Script executed at Mon Dec 23 14:09:02 CET 2024
Script executed at Mon Dec 23 14:09:04 CET 2024
Script executed at Sat Dec 28 22:08:13 CET 2024
Script executed at Mon Dec 30 14:52:47 CET 2024
Script executed at Mon Dec 30 14:52:51 CET 2024
Script executed at Mon Dec 30 14:52:51 CET 2024
Script executed at Mon Dec 30 14:52:51 CET 2024
Script executed at Mon Dec 30 14:52:51 CET 2024
Script executed at Thu Jan  2 15:39:40 CET 2025
Script executed at Thu Jan  2 15:39:48 CET 2025
Script executed at Thu Jan  2 15:39:50 CET 2025
Script executed at Thu Jan  2 15:39:50 CET 2025
Script executed at Fri Jan  3 18:12:51 CET 2025
Script executed at Fri Jan  3 18:13:06 CET 2025
Script executed at Fri Jan  3 18:13:07 CET 2025
Script executed at Fri Jan  3 18:13:07 CET 2025
Script executed at Sun Feb  9 20:52:00 CET 2025
Script executed at Sun Feb  9 20:52:00 CET 2025
Script executed at Mon Feb 10 18:26:57 CET 2025
Script executed at Mon Feb 10 18:27:01 CET 2025
Script executed at Mon Feb 10 18:27:02 CET 2025
Script executed at Mon Feb 10 18:27:03 CET 2025
Script executed at Mon Feb 10 18:40:37 CET 2025
Script executed at Mon Feb 10 18:46:57 CET 2025
Script executed at Mon Feb 10 18:46:58 CET 2025
Script executed at Mon Feb 10 18:47:00 CET 2025
Script executed at Tue Feb 11 16:41:21 CET 2025
Script executed at Tue Feb 11 16:41:24 CET 2025
Script executed at Tue Feb 11 16:41:24 CET 2025
Script executed at Tue Feb 11 16:41:24 CET 2025
Script executed at Tue Feb 11 16:41:25 CET 2025
Script executed at Tue Feb 11 16:41:26 CET 2025
Script executed at Tue Feb 11 16:41:44 CET 2025
Script executed at Tue Feb 11 16:41:46 CET 2025
Script executed at Tue Feb 11 18:48:21 CET 2025
Script executed at Tue Feb 11 19:10:24 CET 2025
Script executed at Tue Feb 11 19:24:18 CET 2025
Script executed at Wed Feb 12 18:57:29 CET 2025
Script executed at Wed Feb 12 18:57:30 CET 2025
Script executed at Wed Feb 12 19:06:12 CET 2025
Script executed at Tue Feb 18 20:27:29 CET 2025
Script executed at Wed Feb 19 13:52:45 CET 2025
Script executed at Wed Feb 19 14:15:50 CET 2025
Script executed at Thu Feb 20 18:44:52 CET 2025
Script executed at Thu Feb 20 18:47:41 CET 2025
Script executed at Tue Feb 25 20:41:01 CET 2025
Script executed at Fri Feb 28 16:27:41 CET 2025
Script executed at Fri Feb 28 16:45:10 CET 2025
Script executed at Fri Feb 28 16:47:35 CET 2025
Script executed at Fri Feb 28 16:52:21 CET 2025
Script executed at Fri Feb 28 17:02:24 CET 2025
Script executed at Fri Feb 28 20:33:00 CET 2025
Script executed at Fri Feb 28 20:34:20 CET 2025
Script executed at Fri Feb 28 20:34:35 CET 2025
Script executed at Sat Mar  1 18:33:54 CET 2025
Script executed at Sat Mar  1 18:43:18 CET 2025
Script executed at Sat Mar  1 18:44:36 CET 2025
Script executed at Sat Mar  1 18:48:22 CET 2025
Script executed at Sat Mar  1 19:19:48 CET 2025
Script executed at Sat Mar  1 19:23:16 CET 2025
Script executed at Sun Mar  2 16:30:51 CET 2025
Script executed at Sun Mar  2 16:58:37 CET 2025
Script executed at Sun Mar  2 16:58:46 CET 2025
Script executed at Sun Mar  2 17:04:17 CET 2025
Script executed at Sun Mar  2 17:05:31 CET 2025
Script executed at Sun Mar  2 17:22:24 CET 2025
Script executed at Sun Mar  2 18:19:45 CET 2025
Script executed at Sun Mar  2 18:19:47 CET 2025
Script executed at Wed Mar  5 17:05:54 CET 2025
Script executed at Thu Mar  6 19:27:37 CET 2025
Script executed at Fri Mar  7 17:46:19 CET 2025
Script executed at Fri Mar  7 18:51:20 CET 2025
Script executed at Fri Mar  7 18:51:38 CET 2025
Script executed at Fri Mar  7 18:51:41 CET 2025
Script executed at Fri Mar  7 18:51:46 CET 2025
Script executed at Fri Mar  7 18:55:08 CET 2025
Script executed at Fri Mar  7 21:50:41 CET 2025
Script executed at Fri Mar  7 21:54:35 CET 2025
Script executed at Fri Mar  7 22:30:54 CET 2025
Script executed at Fri Mar  7 23:40:28 CET 2025
Script executed at Sat Mar  8 00:45:39 CET 2025
Script executed at Sat Mar  8 00:53:22 CET 2025
Script executed at Sat Mar  8 02:39:07 CET 2025
Script executed at Sat Mar  8 16:57:25 CET 2025
Script executed at Sat Mar  8 16:57:25 CET 2025
Script executed at Sat Mar  8 21:46:00 CET 2025
Script executed at Sat Mar  8 21:46:03 CET 2025
Script executed at Sat Mar  8 21:46:03 CET 2025
Script executed at Sat Mar  8 21:57:32 CET 2025
Script executed at Sun Mar  9 23:35:32 CET 2025
Script executed at Sun Mar  9 23:41:31 CET 2025
Script executed at Sun Mar  9 23:41:33 CET 2025
Script executed at Sun Mar  9 23:41:33 CET 2025
Script executed at Sun Mar  9 23:41:33 CET 2025
Script executed at Sun Mar  9 23:41:34 CET 2025
Script executed at Sun Mar  9 23:41:34 CET 2025
Script executed at Sun Mar  9 23:41:34 CET 2025
Script executed at Mon Mar 10 21:10:06 CET 2025
Script executed at Mon Mar 10 21:11:16 CET 2025
Script executed at Tue Mar 11 16:30:58 CET 2025
Script executed at Tue Mar 11 16:31:00 CET 2025
Script executed at Tue Mar 11 16:31:00 CET 2025
Script executed at Tue Mar 11 16:31:01 CET 2025
Script executed at Tue Mar 11 16:31:01 CET 2025
Script executed at Tue Mar 11 16:31:01 CET 2025
Script executed at Tue Mar 11 16:31:02 CET 2025
Script executed at Tue Mar 11 16:31:02 CET 2025
Script executed at Tue Mar 11 16:31:02 CET 2025
Script executed at Tue Mar 11 16:31:02 CET 2025
Script executed at Tue Mar 11 16:31:02 CET 2025
Script executed at Tue Mar 11 16:31:02 CET 2025
Script executed at Tue Mar 11 18:04:06 CET 2025
Script executed at Tue Mar 11 18:04:07 CET 2025
Script executed at Thu Mar 13 22:05:18 CET 2025
Script executed at Thu Mar 13 22:57:38 CET 2025
Script executed at Thu Mar 13 23:02:12 CET 2025
Script executed at Fri Mar 14 16:25:57 CET 2025
Script executed at Fri Mar 14 16:36:16 CET 2025
Script executed at Fri Mar 14 16:36:17 CET 2025
Script executed at Fri Mar 14 16:36:17 CET 2025
Script executed at Fri Mar 14 19:55:21 CET 2025
Script executed at Fri Mar 14 19:56:33 CET 2025
Script executed at Fri Mar 14 21:14:05 CET 2025
Script executed at Fri Mar 14 21:17:33 CET 2025
Script executed at Fri Mar 14 21:28:34 CET 2025
Script executed at Fri Mar 14 21:43:59 CET 2025
Script executed at Fri Mar 14 23:38:20 CET 2025
Script executed at Sat Mar 15 17:29:43 CET 2025
Script executed at Sat Mar 15 17:48:53 CET 2025
Script executed at Sat Mar 15 20:57:19 CET 2025
Script executed at Sat Mar 15 20:57:20 CET 2025
Script executed at Tue Mar 18 16:01:39 CET 2025
Script executed at Tue Mar 18 16:01:40 CET 2025
Script executed at Wed Mar 19 18:02:24 CET 2025
Script executed at Wed Mar 19 21:51:36 CET 2025
Script executed at Wed Mar 19 21:51:37 CET 2025
Script executed at Wed Mar 19 21:51:37 CET 2025
Script executed at Wed Mar 19 21:51:37 CET 2025
Script executed at Wed Mar 19 21:51:37 CET 2025
Script executed at Wed Mar 19 21:54:02 CET 2025
Script executed at Wed Mar 19 21:54:04 CET 2025
Script executed at Wed Mar 19 21:54:04 CET 2025
Script executed at Wed Mar 19 21:54:04 CET 2025
Script executed at Wed Mar 19 21:54:04 CET 2025
Script executed at Wed Mar 19 21:54:05 CET 2025
Script executed at Wed Mar 19 21:54:05 CET 2025
Script executed at Wed Mar 19 21:54:05 CET 2025
Script executed at Wed Mar 19 21:54:05 CET 2025
Script executed at Wed Mar 19 21:54:06 CET 2025
Script executed at Fri Mar 21 22:09:21 CET 2025
Script executed at Fri Mar 21 22:09:22 CET 2025
Script executed at Fri Mar 21 22:09:22 CET 2025
Script executed at Fri Mar 21 22:13:07 CET 2025
Script executed at Fri Mar 21 22:13:11 CET 2025
Script executed at Fri Mar 21 22:13:12 CET 2025
Script executed at Fri Mar 21 22:13:12 CET 2025
Script executed at Fri Mar 21 22:13:12 CET 2025
Script executed at Fri Mar 21 22:13:13 CET 2025
Script executed at Fri Mar 21 22:19:31 CET 2025
Script executed at Fri Mar 21 22:19:32 CET 2025
Script executed at Fri Mar 21 22:19:33 CET 2025
Script executed at Fri Mar 21 22:19:33 CET 2025
Script executed at Fri Mar 21 22:19:38 CET 2025
Script executed at Fri Mar 21 22:19:43 CET 2025
Script executed at Fri Mar 21 22:19:43 CET 2025
Script executed at Fri Mar 21 22:19:45 CET 2025
Script executed at Sat Mar 22 18:07:20 CET 2025
Script executed at Sat Mar 22 18:07:23 CET 2025
Script executed at Sat Mar 22 18:07:24 CET 2025
Script executed at Sat Mar 22 18:07:25 CET 2025
Script executed at Sat Mar 22 18:07:26 CET 2025
Script executed at Sat Mar 22 18:07:26 CET 2025
Script executed at Sat Mar 22 18:07:26 CET 2025
Script executed at Sat Mar 22 18:07:27 CET 2025
Script executed at Sat Mar 22 18:07:27 CET 2025
Script executed at Sat Mar 22 18:07:27 CET 2025
Script executed at Sat Mar 22 18:07:27 CET 2025
Script executed at Sat Mar 22 18:07:28 CET 2025
Script executed at Sat Mar 22 18:07:28 CET 2025
Script executed at Sat Mar 22 18:07:28 CET 2025
Script executed at Sat Mar 22 18:07:28 CET 2025
Script executed at Sat Mar 22 18:07:28 CET 2025
Script executed at Sat Mar 22 18:07:29 CET 2025
Script executed at Sat Mar 22 18:07:29 CET 2025
Script executed at Sat Mar 22 18:07:29 CET 2025
Script executed at Sat Mar 22 18:07:29 CET 2025
Script executed at Sat Mar 22 18:07:29 CET 2025
Script executed at Sun Mar 23 18:04:48 CET 2025
Script executed at Sun Mar 23 18:06:21 CET 2025
Script executed at Sun Mar 23 18:11:40 CET 2025
Script executed at Sun Mar 23 18:56:20 CET 2025
Script executed at Sun Mar 23 18:56:29 CET 2025
Script executed at Tue Mar 25 19:46:21 CET 2025
Script executed at Tue Mar 25 20:36:33 CET 2025
Script executed at Tue Mar 25 20:36:36 CET 2025
Script executed at Tue Mar 25 20:52:56 CET 2025
Script executed at Tue Mar 25 21:08:56 CET 2025
Script executed at Sun Mar 30 03:51:14 CEST 2025
Script executed at Sun Mar 30 03:55:56 CEST 2025
Script executed at Sun Mar 30 03:56:28 CEST 2025
Script executed at Sun Mar 30 03:57:50 CEST 2025
Script executed at Sun Mar 30 04:27:55 CEST 2025
Script executed at Sun Mar 30 14:32:43 CEST 2025
Script executed at Sun Mar 30 14:34:50 CEST 2025
Script executed at Sun Mar 30 14:38:34 CEST 2025
Script executed at Sun Mar 30 14:38:59 CEST 2025
Script executed at Sun Mar 30 15:29:32 CEST 2025
Script executed at Sun Mar 30 15:56:15 CEST 2025
Script executed at Mon Mar 31 17:56:45 CEST 2025
Script executed at Mon Mar 31 18:03:45 CEST 2025
Script executed at Mon Mar 31 18:44:30 CEST 2025
Script executed at Mon Mar 31 19:01:20 CEST 2025
Script executed at Mon Mar 31 21:12:54 CEST 2025
Script executed at Mon Mar 31 21:17:30 CEST 2025
Script executed at Mon Mar 31 21:21:55 CEST 2025
Script executed at Mon Mar 31 21:24:21 CEST 2025
Script executed at Mon Mar 31 21:57:02 CEST 2025
Script executed at Mon Mar 31 22:04:18 CEST 2025
Script executed at Mon Mar 31 22:08:59 CEST 2025
Script executed at Mon Mar 31 22:13:33 CEST 2025
Script executed at Tue Apr  1 16:03:17 CEST 2025
Script executed at Tue Apr  1 16:25:32 CEST 2025
Script executed at Tue Apr  1 19:10:02 CEST 2025
Script executed at Tue Apr  1 19:10:22 CEST 2025
Script executed at Tue Apr  1 23:35:11 CEST 2025
Script executed at Tue Apr  1 23:35:41 CEST 2025
Script executed at Tue Apr  1 23:40:36 CEST 2025
Script executed at Tue Apr  1 23:45:38 CEST 2025
Script executed at Sat Apr  5 09:55:04 CEST 2025
Script executed at Sat Apr  5 10:22:01 CEST 2025
Script executed at Sat Apr  5 12:06:31 CEST 2025
Script executed at Sat Apr  5 12:42:26 CEST 2025
Script executed at Sat Apr  5 23:16:18 CEST 2025
Script executed at Sat Apr  5 23:48:34 CEST 2025
Script executed at Sun Apr  6 00:24:47 CEST 2025
Script executed at Sun Apr  6 00:44:09 CEST 2025
Script executed at Sun Apr  6 00:44:10 CEST 2025
Script executed at Sun Apr  6 19:44:15 CEST 2025
Script executed at Sun Apr  6 19:44:15 CEST 2025
Script executed at Sun Apr  6 19:44:16 CEST 2025
Script executed at Sun Apr  6 19:44:16 CEST 2025
